<?xml version="1.0" encoding="UTF-8"?>
<testsuites name="jest tests" tests="5" failures="0" time="5.158">
  <testsuite name="getLaunchData" errors="0" failures="0" skipped="0" timestamp="2019-08-12T15:47:42" time="1.575" tests="1">
    <testcase classname="getLaunchData returns GET_LAUNCH_DATA_REQUEST" name="getLaunchData returns GET_LAUNCH_DATA_REQUEST" time="0.007">
    </testcase>
  </testsuite>
  <testsuite name="launchData" errors="0" failures="0" skipped="0" timestamp="2019-08-12T15:47:42" time="1.855" tests="4">
    <testcase classname="launchData returns state from GET_LAUNCH_DATA_REQUEST" name="launchData returns state from GET_LAUNCH_DATA_REQUEST" time="0.006">
    </testcase>
    <testcase classname="launchData returns state from GET_LAUNCH_DATA_SUCCESS" name="launchData returns state from GET_LAUNCH_DATA_SUCCESS" time="0.003">
    </testcase>
    <testcase classname="launchData returns state from GET_LAUNCH_DATA_FAILURE" name="launchData returns state from GET_LAUNCH_DATA_FAILURE" time="0">
    </testcase>
    <testcase classname="launchData returns default state" name="launchData returns default state" time="0.001">
    </testcase>
  </testsuite>
</testsuites>